================================================================================
App模拟器启动
================================================================================
目标服务器: ws://localhost:9091/ws/app
等待连接...

✓ 已成功连接到服务器
等待接收配置数据...


################################################################################
收到消息 #1
时间: 2025-12-03 15:22:53
类型: update
时间戳: N/A
################################################################################

共收到 9 个难度的配置:


================================================================================
【难度1】配置详情
================================================================================

【基础配置】
  比倍难度: 20%
  吃分最大值: 2,000
  吃分最小值: 300
  吃分返奖率: 80%
  营业返奖率: 83%

【开奖奖项】（每10000把出现的次数，总和应为10000）
  三倍小奖    :  5150  (倍数:   3)
  苹果      :   900  (倍数:   5)
  橘子      :   700  (倍数:  10)
  柠檬      :   600  (倍数:  15)
  金钟      :   500  (倍数:  20)
  西瓜      :   500  (倍数:  20)
  双星      :   400  (倍数:  30)
  99      :   350  (倍数:  40)
  小bar    :   250  (倍数:  30)
  中bar    :   200  (倍数:  60)
  大bar    :   150  (倍数: 120)
  金猪奖     :   300  (加奖入口，无倍数)
  开奖总和: 10,000 ✓

【加奖奖项】（每10000把出现的次数，总和应为10000）
  双响炮     :  1100
  大四喜     :  1000
  小三元     :   900
  大三元     :   800
  彩金      :   700
  开火车     :   600
  统统有奖    :   500
  大满贯     :   400
  仙女散花    :   400
  小猫变身    :  3600
  加奖总和: 10,000 ✓

【验证结果】✓ 配置有效
================================================================================


================================================================================
【难度2】配置详情
================================================================================

【基础配置】
  比倍难度: 25%
  吃分最大值: 2,400
  吃分最小值: 400
  吃分返奖率: 75%
  营业返奖率: 78%

【开奖奖项】（每10000把出现的次数，总和应为10000）
  三倍小奖    :  5120  (倍数:   3)
  苹果      :   900  (倍数:   5)
  橘子      :   700  (倍数:  10)
  柠檬      :   600  (倍数:  15)
  金钟      :   500  (倍数:  20)
  西瓜      :   500  (倍数:  20)
  双星      :   400  (倍数:  30)
  99      :   350  (倍数:  40)
  小bar    :   250  (倍数:  30)
  中bar    :   200  (倍数:  60)
  大bar    :   150  (倍数: 120)
  金猪奖     :   330  (加奖入口，无倍数)
  开奖总和: 10,000 ✓

【加奖奖项】（每10000把出现的次数，总和应为10000）
  双响炮     :  1050
  大四喜     :   950
  小三元     :   850
  大三元     :   750
  彩金      :   650
  开火车     :   550
  统统有奖    :   450
  大满贯     :   350
  仙女散花    :   350
  小猫变身    :  4050
  加奖总和: 10,000 ✓

【验证结果】✓ 配置有效
================================================================================


================================================================================
【难度3】配置详情
================================================================================

【基础配置】
  比倍难度: 30%
  吃分最大值: 2,800
  吃分最小值: 500
  吃分返奖率: 70%
  营业返奖率: 73%

【开奖奖项】（每10000把出现的次数，总和应为10000）
  三倍小奖    :  5090  (倍数:   3)
  苹果      :   900  (倍数:   5)
  橘子      :   700  (倍数:  10)
  柠檬      :   600  (倍数:  15)
  金钟      :   500  (倍数:  20)
  西瓜      :   500  (倍数:  20)
  双星      :   400  (倍数:  30)
  99      :   350  (倍数:  40)
  小bar    :   250  (倍数:  30)
  中bar    :   200  (倍数:  60)
  大bar    :   150  (倍数: 120)
  金猪奖     :   360  (加奖入口，无倍数)
  开奖总和: 10,000 ✓

【加奖奖项】（每10000把出现的次数，总和应为10000）
  双响炮     :  1000
  大四喜     :   900
  小三元     :   800
  大三元     :   700
  彩金      :   600
  开火车     :   500
  统统有奖    :   400
  大满贯     :   300
  仙女散花    :   300
  小猫变身    :  4500
  加奖总和: 10,000 ✓

【验证结果】✓ 配置有效
================================================================================


================================================================================
【难度4】配置详情
================================================================================

【基础配置】
  比倍难度: 35%
  吃分最大值: 3,200
  吃分最小值: 600
  吃分返奖率: 65%
  营业返奖率: 68%

【开奖奖项】（每10000把出现的次数，总和应为10000）
  三倍小奖    :  5060  (倍数:   3)
  苹果      :   900  (倍数:   5)
  橘子      :   700  (倍数:  10)
  柠檬      :   600  (倍数:  15)
  金钟      :   500  (倍数:  20)
  西瓜      :   500  (倍数:  20)
  双星      :   400  (倍数:  30)
  99      :   350  (倍数:  40)
  小bar    :   250  (倍数:  30)
  中bar    :   200  (倍数:  60)
  大bar    :   150  (倍数: 120)
  金猪奖     :   390  (加奖入口，无倍数)
  开奖总和: 10,000 ✓

【加奖奖项】（每10000把出现的次数，总和应为10000）
  双响炮     :   950
  大四喜     :   850
  小三元     :   750
  大三元     :   650
  彩金      :   550
  开火车     :   450
  统统有奖    :   350
  大满贯     :   250
  仙女散花    :   250
  小猫变身    :  4950
  加奖总和: 10,000 ✓

【验证结果】✓ 配置有效
================================================================================


================================================================================
【难度5】配置详情
================================================================================

【基础配置】
  比倍难度: 40%
  吃分最大值: 3,600
  吃分最小值: 700
  吃分返奖率: 60%
  营业返奖率: 63%

【开奖奖项】（每10000把出现的次数，总和应为10000）
  三倍小奖    :  5030  (倍数:   3)
  苹果      :   900  (倍数:   5)
  橘子      :   700  (倍数:  10)
  柠檬      :   600  (倍数:  15)
  金钟      :   500  (倍数:  20)
  西瓜      :   500  (倍数:  20)
  双星      :   400  (倍数:  30)
  99      :   350  (倍数:  40)
  小bar    :   250  (倍数:  30)
  中bar    :   200  (倍数:  60)
  大bar    :   150  (倍数: 120)
  金猪奖     :   420  (加奖入口，无倍数)
  开奖总和: 10,000 ✓

【加奖奖项】（每10000把出现的次数，总和应为10000）
  双响炮     :  1200
  大四喜     :  1100
  小三元     :  1000
  大三元     :   900
  彩金      :   800
  开火车     :   700
  统统有奖    :   600
  大满贯     :   300
  仙女散花    :   200
  小猫变身    :  3200
  加奖总和: 10,000 ✓

【验证结果】✓ 配置有效
================================================================================


================================================================================
【难度6】配置详情
================================================================================

【基础配置】
  比倍难度: 45%
  吃分最大值: 4,000
  吃分最小值: 800
  吃分返奖率: 55%
  营业返奖率: 58%

【开奖奖项】（每10000把出现的次数，总和应为10000）
  三倍小奖    :  5000  (倍数:   3)
  苹果      :   900  (倍数:   5)
  橘子      :   700  (倍数:  10)
  柠檬      :   600  (倍数:  15)
  金钟      :   500  (倍数:  20)
  西瓜      :   500  (倍数:  20)
  双星      :   400  (倍数:  30)
  99      :   350  (倍数:  40)
  小bar    :   250  (倍数:  30)
  中bar    :   200  (倍数:  60)
  大bar    :   150  (倍数: 120)
  金猪奖     :   450  (加奖入口，无倍数)
  开奖总和: 10,000 ✓

【加奖奖项】（每10000把出现的次数，总和应为10000）
  双响炮     :  1150
  大四喜     :  1050
  小三元     :   950
  大三元     :   850
  彩金      :   750
  开火车     :   650
  统统有奖    :   550
  大满贯     :   250
  仙女散花    :   150
  小猫变身    :  3650
  加奖总和: 10,000 ✓

【验证结果】✓ 配置有效
================================================================================


================================================================================
【难度7】配置详情
================================================================================

【基础配置】
  比倍难度: 50%
  吃分最大值: 4,400
  吃分最小值: 900
  吃分返奖率: 50%
  营业返奖率: 53%

【开奖奖项】（每10000把出现的次数，总和应为10000）
  三倍小奖    :  4900  (倍数:   3)
  苹果      :   900  (倍数:   5)
  橘子      :   700  (倍数:  10)
  柠檬      :   600  (倍数:  15)
  金钟      :   500  (倍数:  20)
  西瓜      :   500  (倍数:  20)
  双星      :   400  (倍数:  30)
  99      :   350  (倍数:  40)
  小bar    :   250  (倍数:  30)
  中bar    :   200  (倍数:  60)
  大bar    :   150  (倍数: 120)
  金猪奖     :   550  (加奖入口，无倍数)
  开奖总和: 10,000 ✓

【加奖奖项】（每10000把出现的次数，总和应为10000）
  双响炮     :  1100
  大四喜     :  1000
  小三元     :   900
  大三元     :   800
  彩金      :   700
  开火车     :   600
  统统有奖    :   500
  大满贯     :   200
  仙女散花    :   100
  小猫变身    :  4100
  加奖总和: 10,000 ✓

【验证结果】✓ 配置有效
================================================================================


================================================================================
【难度8】配置详情
================================================================================

【基础配置】
  比倍难度: 55%
  吃分最大值: 4,800
  吃分最小值: 1,000
  吃分返奖率: 45%
  营业返奖率: 48%

【开奖奖项】（每10000把出现的次数，总和应为10000）
  三倍小奖    :  4800  (倍数:   3)
  苹果      :   900  (倍数:   5)
  橘子      :   700  (倍数:  10)
  柠檬      :   600  (倍数:  15)
  金钟      :   500  (倍数:  20)
  西瓜      :   500  (倍数:  20)
  双星      :   400  (倍数:  30)
  99      :   350  (倍数:  40)
  小bar    :   250  (倍数:  30)
  中bar    :   200  (倍数:  60)
  大bar    :   150  (倍数: 120)
  金猪奖     :   650  (加奖入口，无倍数)
  开奖总和: 10,000 ✓

【加奖奖项】（每10000把出现的次数，总和应为10000）
  双响炮     :  1050
  大四喜     :   950
  小三元     :   850
  大三元     :   750
  彩金      :   650
  开火车     :   550
  统统有奖    :   450
  大满贯     :   150
  仙女散花    :    50
  小猫变身    :  4550
  加奖总和: 10,000 ✓

【验证结果】✓ 配置有效
================================================================================


================================================================================
【难度9】配置详情
================================================================================

【基础配置】
  比倍难度: 60%
  吃分最大值: 5,200
  吃分最小值: 1,100
  吃分返奖率: 40%
  营业返奖率: 43%

【开奖奖项】（每10000把出现的次数，总和应为10000）
  三倍小奖    :  4700  (倍数:   3)
  苹果      :   900  (倍数:   5)
  橘子      :   700  (倍数:  10)
  柠檬      :   600  (倍数:  15)
  金钟      :   500  (倍数:  20)
  西瓜      :   500  (倍数:  20)
  双星      :   400  (倍数:  30)
  99      :   350  (倍数:  40)
  小bar    :   250  (倍数:  30)
  中bar    :   200  (倍数:  60)
  大bar    :   150  (倍数: 120)
  金猪奖     :   750  (加奖入口，无倍数)
  开奖总和: 10,000 ✓

【加奖奖项】（每10000把出现的次数，总和应为10000）
  双响炮     :  1200
  大四喜     :  1100
  小三元     :  1000
  大三元     :   900
  彩金      :   800
  开火车     :   700
  统统有奖    :   600
  大满贯     :   300
  仙女散花    :   200
  小猫变身    :  3200
  加奖总和: 10,000 ✓

【验证结果】✓ 配置有效
================================================================================


================================================================================
配置接收完成
================================================================================
共接收 9 个难度配置
✓ 所有配置验证通过


################################################################################
收到消息 #2
时间: 2025-12-03 15:23:11
类型: update
时间戳: N/A
################################################################################

共收到 9 个难度的配置:


================================================================================
【难度1】配置详情
================================================================================

【基础配置】
  比倍难度: 20%
  吃分最大值: 2,000
  吃分最小值: 300
  吃分返奖率: 80%
  营业返奖率: 83%

【开奖奖项】（每10000把出现的次数，总和应为10000）
  三倍小奖    :  5150  (倍数:   3)
  苹果      :   900  (倍数:   5)
  橘子      :   700  (倍数:  10)
  柠檬      :   600  (倍数:  15)
  金钟      :   500  (倍数:  20)
  西瓜      :   500  (倍数:  20)
  双星      :   400  (倍数:  30)
  99      :   350  (倍数:  40)
  小bar    :   250  (倍数:  30)
  中bar    :   200  (倍数:  60)
  大bar    :   150  (倍数: 120)
  金猪奖     :   300  (加奖入口，无倍数)
  开奖总和: 10,000 ✓

【加奖奖项】（每10000把出现的次数，总和应为10000）
  双响炮     :  1100
  大四喜     :  1000
  小三元     :   900
  大三元     :   800
  彩金      :   700
  开火车     :   600
  统统有奖    :   500
  大满贯     :   400
  仙女散花    :   400
  小猫变身    :  3600
  加奖总和: 10,000 ✓

【验证结果】✓ 配置有效
================================================================================


================================================================================
【难度2】配置详情
================================================================================

【基础配置】
  比倍难度: 25%
  吃分最大值: 2,400
  吃分最小值: 400
  吃分返奖率: 75%
  营业返奖率: 78%

【开奖奖项】（每10000把出现的次数，总和应为10000）
  三倍小奖    :  5120  (倍数:   3)
  苹果      :   900  (倍数:   5)
  橘子      :   700  (倍数:  10)
  柠檬      :   600  (倍数:  15)
  金钟      :   500  (倍数:  20)
  西瓜      :   500  (倍数:  20)
  双星      :   400  (倍数:  30)
  99      :   350  (倍数:  40)
  小bar    :   250  (倍数:  30)
  中bar    :   200  (倍数:  60)
  大bar    :   150  (倍数: 120)
  金猪奖     :   330  (加奖入口，无倍数)
  开奖总和: 10,000 ✓

【加奖奖项】（每10000把出现的次数，总和应为10000）
  双响炮     :  1050
  大四喜     :   950
  小三元     :   850
  大三元     :   750
  彩金      :   650
  开火车     :   550
  统统有奖    :   450
  大满贯     :   350
  仙女散花    :   350
  小猫变身    :  4050
  加奖总和: 10,000 ✓

【验证结果】✓ 配置有效
================================================================================


================================================================================
【难度3】配置详情
================================================================================

【基础配置】
  比倍难度: 30%
  吃分最大值: 2,800
  吃分最小值: 500
  吃分返奖率: 70%
  营业返奖率: 73%

【开奖奖项】（每10000把出现的次数，总和应为10000）
  三倍小奖    :  5090  (倍数:   3)
  苹果      :   900  (倍数:   5)
  橘子      :   700  (倍数:  10)
  柠檬      :   600  (倍数:  15)
  金钟      :   500  (倍数:  20)
  西瓜      :   500  (倍数:  20)
  双星      :   400  (倍数:  30)
  99      :   350  (倍数:  40)
  小bar    :   250  (倍数:  30)
  中bar    :   200  (倍数:  60)
  大bar    :   150  (倍数: 120)
  金猪奖     :   360  (加奖入口，无倍数)
  开奖总和: 10,000 ✓

【加奖奖项】（每10000把出现的次数，总和应为10000）
  双响炮     :  1000
  大四喜     :   900
  小三元     :   800
  大三元     :   700
  彩金      :   600
  开火车     :   500
  统统有奖    :   400
  大满贯     :   300
  仙女散花    :   300
  小猫变身    :  4500
  加奖总和: 10,000 ✓

【验证结果】✓ 配置有效
================================================================================


================================================================================
【难度4】配置详情
================================================================================

【基础配置】
  比倍难度: 35%
  吃分最大值: 3,200
  吃分最小值: 600
  吃分返奖率: 65%
  营业返奖率: 68%

【开奖奖项】（每10000把出现的次数，总和应为10000）
  三倍小奖    :  5060  (倍数:   3)
  苹果      :   900  (倍数:   5)
  橘子      :   700  (倍数:  10)
  柠檬      :   600  (倍数:  15)
  金钟      :   500  (倍数:  20)
  西瓜      :   500  (倍数:  20)
  双星      :   400  (倍数:  30)
  99      :   350  (倍数:  40)
  小bar    :   250  (倍数:  30)
  中bar    :   200  (倍数:  60)
  大bar    :   150  (倍数: 120)
  金猪奖     :   390  (加奖入口，无倍数)
  开奖总和: 10,000 ✓

【加奖奖项】（每10000把出现的次数，总和应为10000）
  双响炮     :   950
  大四喜     :   850
  小三元     :   750
  大三元     :   650
  彩金      :   550
  开火车     :   450
  统统有奖    :   350
  大满贯     :   250
  仙女散花    :   250
  小猫变身    :  4950
  加奖总和: 10,000 ✓

【验证结果】✓ 配置有效
================================================================================


================================================================================
【难度5】配置详情
================================================================================

【基础配置】
  比倍难度: 40%
  吃分最大值: 3,600
  吃分最小值: 700
  吃分返奖率: 60%
  营业返奖率: 63%

【开奖奖项】（每10000把出现的次数，总和应为10000）
  三倍小奖    :  5030  (倍数:   3)
  苹果      :   900  (倍数:   5)
  橘子      :   700  (倍数:  10)
  柠檬      :   600  (倍数:  15)
  金钟      :   500  (倍数:  20)
  西瓜      :   500  (倍数:  20)
  双星      :   400  (倍数:  30)
  99      :   350  (倍数:  40)
  小bar    :   250  (倍数:  30)
  中bar    :   200  (倍数:  60)
  大bar    :   150  (倍数: 120)
  金猪奖     :   420  (加奖入口，无倍数)
  开奖总和: 10,000 ✓

【加奖奖项】（每10000把出现的次数，总和应为10000）
  双响炮     :  1200
  大四喜     :  1100
  小三元     :  1000
  大三元     :   900
  彩金      :   800
  开火车     :   700
  统统有奖    :   600
  大满贯     :   300
  仙女散花    :   200
  小猫变身    :  3200
  加奖总和: 10,000 ✓

【验证结果】✓ 配置有效
================================================================================


================================================================================
【难度6】配置详情
================================================================================

【基础配置】
  比倍难度: 45%
  吃分最大值: 4,000
  吃分最小值: 800
  吃分返奖率: 55%
  营业返奖率: 58%

【开奖奖项】（每10000把出现的次数，总和应为10000）
  三倍小奖    :  5000  (倍数:   3)
  苹果      :   900  (倍数:   5)
  橘子      :   700  (倍数:  10)
  柠檬      :   600  (倍数:  15)
  金钟      :   500  (倍数:  20)
  西瓜      :   500  (倍数:  20)
  双星      :   400  (倍数:  30)
  99      :   350  (倍数:  40)
  小bar    :   250  (倍数:  30)
  中bar    :   200  (倍数:  60)
  大bar    :   150  (倍数: 120)
  金猪奖     :   450  (加奖入口，无倍数)
  开奖总和: 10,000 ✓

【加奖奖项】（每10000把出现的次数，总和应为10000）
  双响炮     :  1150
  大四喜     :  1050
  小三元     :   950
  大三元     :   850
  彩金      :   750
  开火车     :   650
  统统有奖    :   550
  大满贯     :   250
  仙女散花    :   150
  小猫变身    :  3650
  加奖总和: 10,000 ✓

【验证结果】✓ 配置有效
================================================================================


================================================================================
【难度7】配置详情
================================================================================

【基础配置】
  比倍难度: 50%
  吃分最大值: 4,400
  吃分最小值: 900
  吃分返奖率: 50%
  营业返奖率: 53%

【开奖奖项】（每10000把出现的次数，总和应为10000）
  三倍小奖    :  4900  (倍数:   3)
  苹果      :   900  (倍数:   5)
  橘子      :   700  (倍数:  10)
  柠檬      :   600  (倍数:  15)
  金钟      :   500  (倍数:  20)
  西瓜      :   500  (倍数:  20)
  双星      :   400  (倍数:  30)
  99      :   350  (倍数:  40)
  小bar    :   250  (倍数:  30)
  中bar    :   200  (倍数:  60)
  大bar    :   150  (倍数: 120)
  金猪奖     :   550  (加奖入口，无倍数)
  开奖总和: 10,000 ✓

【加奖奖项】（每10000把出现的次数，总和应为10000）
  双响炮     :  1100
  大四喜     :  1000
  小三元     :   900
  大三元     :   800
  彩金      :   700
  开火车     :   600
  统统有奖    :   500
  大满贯     :   200
  仙女散花    :   100
  小猫变身    :  4100
  加奖总和: 10,000 ✓

【验证结果】✓ 配置有效
================================================================================


================================================================================
【难度8】配置详情
================================================================================

【基础配置】
  比倍难度: 55%
  吃分最大值: 4,800
  吃分最小值: 1,000
  吃分返奖率: 45%
  营业返奖率: 48%

【开奖奖项】（每10000把出现的次数，总和应为10000）
  三倍小奖    :  4800  (倍数:   3)
  苹果      :   900  (倍数:   5)
  橘子      :   700  (倍数:  10)
  柠檬      :   600  (倍数:  15)
  金钟      :   500  (倍数:  20)
  西瓜      :   500  (倍数:  20)
  双星      :   400  (倍数:  30)
  99      :   350  (倍数:  40)
  小bar    :   250  (倍数:  30)
  中bar    :   200  (倍数:  60)
  大bar    :   150  (倍数: 120)
  金猪奖     :   650  (加奖入口，无倍数)
  开奖总和: 10,000 ✓

【加奖奖项】（每10000把出现的次数，总和应为10000）
  双响炮     :  1050
  大四喜     :   950
  小三元     :   850
  大三元     :   750
  彩金      :   650
  开火车     :   550
  统统有奖    :   450
  大满贯     :   150
  仙女散花    :    50
  小猫变身    :  4550
  加奖总和: 10,000 ✓

【验证结果】✓ 配置有效
================================================================================


================================================================================
【难度9】配置详情
================================================================================

【基础配置】
  比倍难度: 60%
  吃分最大值: 5,200
  吃分最小值: 1,100
  吃分返奖率: 40%
  营业返奖率: 43%

【开奖奖项】（每10000把出现的次数，总和应为10000）
  三倍小奖    :  4700  (倍数:   3)
  苹果      :   900  (倍数:   5)
  橘子      :   700  (倍数:  10)
  柠檬      :   600  (倍数:  15)
  金钟      :   500  (倍数:  20)
  西瓜      :   500  (倍数:  20)
  双星      :   400  (倍数:  30)
  99      :   350  (倍数:  40)
  小bar    :   250  (倍数:  30)
  中bar    :   200  (倍数:  60)
  大bar    :   150  (倍数: 120)
  金猪奖     :   750  (加奖入口，无倍数)
  开奖总和: 10,000 ✓

【加奖奖项】（每10000把出现的次数，总和应为10000）
  双响炮     :  1200
  大四喜     :  1100
  小三元     :  1000
  大三元     :   900
  彩金      :   800
  开火车     :   700
  统统有奖    :   600
  大满贯     :   300
  仙女散花    :   200
  小猫变身    :  3200
  加奖总和: 10,000 ✓

【验证结果】✓ 配置有效
================================================================================


================================================================================
配置接收完成
================================================================================
共接收 9 个难度配置
✓ 所有配置验证通过


################################################################################
收到消息 #3
时间: 2025-12-03 16:01:46
类型: update
时间戳: N/A
################################################################################

共收到 9 个难度的配置:


================================================================================
【难度1】配置详情
================================================================================

【基础配置】
  比倍难度: 20%
  吃分最大值: 2,000
  吃分最小值: 300
  吃分返奖率: 80%
  营业返奖率: 83%

【开奖奖项】（每10000把出现的次数，总和应为10000）
  三倍小奖    :  5150  (倍数:   3)
  苹果      :   900  (倍数:   5)
  橘子      :   700  (倍数:  10)
  柠檬      :   600  (倍数:  15)
  金钟      :   500  (倍数:  20)
  西瓜      :   500  (倍数:  20)
  双星      :   400  (倍数:  30)
  99      :   350  (倍数:  40)
  小bar    :   250  (倍数:  30)
  中bar    :   200  (倍数:  60)
  大bar    :   150  (倍数: 120)
  金猪奖     :   300  (加奖入口，无倍数)
  开奖总和: 10,000 ✓

【加奖奖项】（每10000把出现的次数，总和应为10000）
  双响炮     :  1100
  大四喜     :  1000
  小三元     :   900
  大三元     :   800
  彩金      :   700
  开火车     :   600
  统统有奖    :   500
  大满贯     :   400
  仙女散花    :   400
  小猫变身    :  3600
  加奖总和: 10,000 ✓

【验证结果】✓ 配置有效
================================================================================


================================================================================
【难度2】配置详情
================================================================================

【基础配置】
  比倍难度: 25%
  吃分最大值: 2,400
  吃分最小值: 400
  吃分返奖率: 75%
  营业返奖率: 78%

【开奖奖项】（每10000把出现的次数，总和应为10000）
  三倍小奖    :  5120  (倍数:   3)
  苹果      :   900  (倍数:   5)
  橘子      :   700  (倍数:  10)
  柠檬      :   600  (倍数:  15)
  金钟      :   500  (倍数:  20)
  西瓜      :   500  (倍数:  20)
  双星      :   400  (倍数:  30)
  99      :   350  (倍数:  40)
  小bar    :   250  (倍数:  30)
  中bar    :   200  (倍数:  60)
  大bar    :   150  (倍数: 120)
  金猪奖     :   330  (加奖入口，无倍数)
  开奖总和: 10,000 ✓

【加奖奖项】（每10000把出现的次数，总和应为10000）
  双响炮     :  1050
  大四喜     :   950
  小三元     :   850
  大三元     :   750
  彩金      :   650
  开火车     :   550
  统统有奖    :   450
  大满贯     :   350
  仙女散花    :   350
  小猫变身    :  4050
  加奖总和: 10,000 ✓

【验证结果】✓ 配置有效
================================================================================


================================================================================
【难度3】配置详情
================================================================================

【基础配置】
  比倍难度: 30%
  吃分最大值: 2,800
  吃分最小值: 500
  吃分返奖率: 70%
  营业返奖率: 73%

【开奖奖项】（每10000把出现的次数，总和应为10000）
  三倍小奖    :  5090  (倍数:   3)
  苹果      :   900  (倍数:   5)
  橘子      :   700  (倍数:  10)
  柠檬      :   600  (倍数:  15)
  金钟      :   500  (倍数:  20)
  西瓜      :   500  (倍数:  20)
  双星      :   400  (倍数:  30)
  99      :   350  (倍数:  40)
  小bar    :   250  (倍数:  30)
  中bar    :   200  (倍数:  60)
  大bar    :   150  (倍数: 120)
  金猪奖     :   360  (加奖入口，无倍数)
  开奖总和: 10,000 ✓

【加奖奖项】（每10000把出现的次数，总和应为10000）
  双响炮     :  1000
  大四喜     :   900
  小三元     :   800
  大三元     :   700
  彩金      :   600
  开火车     :   500
  统统有奖    :   400
  大满贯     :   300
  仙女散花    :   300
  小猫变身    :  4500
  加奖总和: 10,000 ✓

【验证结果】✓ 配置有效
================================================================================


================================================================================
【难度4】配置详情
================================================================================

【基础配置】
  比倍难度: 35%
  吃分最大值: 3,200
  吃分最小值: 600
  吃分返奖率: 65%
  营业返奖率: 68%

【开奖奖项】（每10000把出现的次数，总和应为10000）
  三倍小奖    :  5060  (倍数:   3)
  苹果      :   900  (倍数:   5)
  橘子      :   700  (倍数:  10)
  柠檬      :   600  (倍数:  15)
  金钟      :   500  (倍数:  20)
  西瓜      :   500  (倍数:  20)
  双星      :   400  (倍数:  30)
  99      :   350  (倍数:  40)
  小bar    :   250  (倍数:  30)
  中bar    :   200  (倍数:  60)
  大bar    :   150  (倍数: 120)
  金猪奖     :   390  (加奖入口，无倍数)
  开奖总和: 10,000 ✓

【加奖奖项】（每10000把出现的次数，总和应为10000）
  双响炮     :   950
  大四喜     :   850
  小三元     :   750
  大三元     :   650
  彩金      :   550
  开火车     :   450
  统统有奖    :   350
  大满贯     :   250
  仙女散花    :   250
  小猫变身    :  4950
  加奖总和: 10,000 ✓

【验证结果】✓ 配置有效
================================================================================


================================================================================
【难度5】配置详情
================================================================================

【基础配置】
  比倍难度: 40%
  吃分最大值: 3,600
  吃分最小值: 700
  吃分返奖率: 60%
  营业返奖率: 63%

【开奖奖项】（每10000把出现的次数，总和应为10000）
  三倍小奖    :  5030  (倍数:   3)
  苹果      :   900  (倍数:   5)
  橘子      :   700  (倍数:  10)
  柠檬      :   600  (倍数:  15)
  金钟      :   500  (倍数:  20)
  西瓜      :   500  (倍数:  20)
  双星      :   400  (倍数:  30)
  99      :   350  (倍数:  40)
  小bar    :   250  (倍数:  30)
  中bar    :   200  (倍数:  60)
  大bar    :   150  (倍数: 120)
  金猪奖     :   420  (加奖入口，无倍数)
  开奖总和: 10,000 ✓

【加奖奖项】（每10000把出现的次数，总和应为10000）
  双响炮     :  1200
  大四喜     :  1100
  小三元     :  1000
  大三元     :   900
  彩金      :   800
  开火车     :   700
  统统有奖    :   600
  大满贯     :   300
  仙女散花    :   200
  小猫变身    :  3200
  加奖总和: 10,000 ✓

【验证结果】✓ 配置有效
================================================================================


================================================================================
【难度6】配置详情
================================================================================

【基础配置】
  比倍难度: 45%
  吃分最大值: 4,000
  吃分最小值: 800
  吃分返奖率: 55%
  营业返奖率: 58%

【开奖奖项】（每10000把出现的次数，总和应为10000）
  三倍小奖    :  5000  (倍数:   3)
  苹果      :   900  (倍数:   5)
  橘子      :   700  (倍数:  10)
  柠檬      :   600  (倍数:  15)
  金钟      :   500  (倍数:  20)
  西瓜      :   500  (倍数:  20)
  双星      :   400  (倍数:  30)
  99      :   350  (倍数:  40)
  小bar    :   250  (倍数:  30)
  中bar    :   200  (倍数:  60)
  大bar    :   150  (倍数: 120)
  金猪奖     :   450  (加奖入口，无倍数)
  开奖总和: 10,000 ✓

【加奖奖项】（每10000把出现的次数，总和应为10000）
  双响炮     :  1150
  大四喜     :  1050
  小三元     :   950
  大三元     :   850
  彩金      :   750
  开火车     :   650
  统统有奖    :   550
  大满贯     :   250
  仙女散花    :   150
  小猫变身    :  3650
  加奖总和: 10,000 ✓

【验证结果】✓ 配置有效
================================================================================


================================================================================
【难度7】配置详情
================================================================================

【基础配置】
  比倍难度: 50%
  吃分最大值: 4,400
  吃分最小值: 900
  吃分返奖率: 50%
  营业返奖率: 53%

【开奖奖项】（每10000把出现的次数，总和应为10000）
  三倍小奖    :  4900  (倍数:   3)
  苹果      :   900  (倍数:   5)
  橘子      :   700  (倍数:  10)
  柠檬      :   600  (倍数:  15)
  金钟      :   500  (倍数:  20)
  西瓜      :   500  (倍数:  20)
  双星      :   400  (倍数:  30)
  99      :   350  (倍数:  40)
  小bar    :   250  (倍数:  30)
  中bar    :   200  (倍数:  60)
  大bar    :   150  (倍数: 120)
  金猪奖     :   550  (加奖入口，无倍数)
  开奖总和: 10,000 ✓

【加奖奖项】（每10000把出现的次数，总和应为10000）
  双响炮     :  1100
  大四喜     :  1000
  小三元     :   900
  大三元     :   800
  彩金      :   700
  开火车     :   600
  统统有奖    :   500
  大满贯     :   200
  仙女散花    :   100
  小猫变身    :  4100
  加奖总和: 10,000 ✓

【验证结果】✓ 配置有效
================================================================================


================================================================================
【难度8】配置详情
================================================================================

【基础配置】
  比倍难度: 55%
  吃分最大值: 4,800
  吃分最小值: 1,000
  吃分返奖率: 45%
  营业返奖率: 48%

【开奖奖项】（每10000把出现的次数，总和应为10000）
  三倍小奖    :  4800  (倍数:   3)
  苹果      :   900  (倍数:   5)
  橘子      :   700  (倍数:  10)
  柠檬      :   600  (倍数:  15)
  金钟      :   500  (倍数:  20)
  西瓜      :   500  (倍数:  20)
  双星      :   400  (倍数:  30)
  99      :   350  (倍数:  40)
  小bar    :   250  (倍数:  30)
  中bar    :   200  (倍数:  60)
  大bar    :   150  (倍数: 120)
  金猪奖     :   650  (加奖入口，无倍数)
  开奖总和: 10,000 ✓

【加奖奖项】（每10000把出现的次数，总和应为10000）
  双响炮     :  1050
  大四喜     :   950
  小三元     :   850
  大三元     :   750
  彩金      :   650
  开火车     :   550
  统统有奖    :   450
  大满贯     :   150
  仙女散花    :    50
  小猫变身    :  4550
  加奖总和: 10,000 ✓

【验证结果】✓ 配置有效
================================================================================


================================================================================
【难度9】配置详情
================================================================================

【基础配置】
  比倍难度: 60%
  吃分最大值: 5,200
  吃分最小值: 1,100
  吃分返奖率: 40%
  营业返奖率: 43%

【开奖奖项】（每10000把出现的次数，总和应为10000）
  三倍小奖    :  4700  (倍数:   3)
  苹果      :   900  (倍数:   5)
  橘子      :   700  (倍数:  10)
  柠檬      :   600  (倍数:  15)
  金钟      :   500  (倍数:  20)
  西瓜      :   500  (倍数:  20)
  双星      :   400  (倍数:  30)
  99      :   350  (倍数:  40)
  小bar    :   250  (倍数:  30)
  中bar    :   200  (倍数:  60)
  大bar    :   150  (倍数: 120)
  金猪奖     :   750  (加奖入口，无倍数)
  开奖总和: 10,000 ✓

【加奖奖项】（每10000把出现的次数，总和应为10000）
  双响炮     :  1200
  大四喜     :  1100
  小三元     :  1000
  大三元     :   900
  彩金      :   800
  开火车     :   700
  统统有奖    :   600
  大满贯     :   300
  仙女散花    :   200
  小猫变身    :  3200
  加奖总和: 10,000 ✓

【验证结果】✓ 配置有效
================================================================================


================================================================================
配置接收完成
================================================================================
共接收 9 个难度配置
✓ 所有配置验证通过


################################################################################
收到消息 #4
时间: 2025-12-03 16:03:38
类型: update
时间戳: N/A
################################################################################

共收到 9 个难度的配置:


================================================================================
【难度1】配置详情
================================================================================

【基础配置】
  比倍难度: 20%
  吃分最大值: 2,000
  吃分最小值: 300
  吃分返奖率: 80%
  营业返奖率: 83%

【开奖奖项】（每10000把出现的次数，总和应为10000）
  三倍小奖    :  5150  (倍数:   3)
  苹果      :   900  (倍数:   5)
  橘子      :   700  (倍数:  10)
  柠檬      :   600  (倍数:  15)
  金钟      :   500  (倍数:  20)
  西瓜      :   500  (倍数:  20)
  双星      :   400  (倍数:  30)
  99      :   350  (倍数:  40)
  小bar    :   250  (倍数:  30)
  中bar    :   200  (倍数:  60)
  大bar    :   150  (倍数: 120)
  金猪奖     :   300  (加奖入口，无倍数)
  开奖总和: 10,000 ✓

【加奖奖项】（每10000把出现的次数，总和应为10000）
  双响炮     :  1100
  大四喜     :  1000
  小三元     :   900
  大三元     :   800
  彩金      :   700
  开火车     :   600
  统统有奖    :   500
  大满贯     :   400
  仙女散花    :   400
  小猫变身    :  3600
  加奖总和: 10,000 ✓

【验证结果】✓ 配置有效
================================================================================


================================================================================
【难度2】配置详情
================================================================================

【基础配置】
  比倍难度: 25%
  吃分最大值: 2,400
  吃分最小值: 400
  吃分返奖率: 75%
  营业返奖率: 78%

【开奖奖项】（每10000把出现的次数，总和应为10000）
  三倍小奖    :  5120  (倍数:   3)
  苹果      :   900  (倍数:   5)
  橘子      :   700  (倍数:  10)
  柠檬      :   600  (倍数:  15)
  金钟      :   500  (倍数:  20)
  西瓜      :   500  (倍数:  20)
  双星      :   400  (倍数:  30)
  99      :   350  (倍数:  40)
  小bar    :   250  (倍数:  30)
  中bar    :   200  (倍数:  60)
  大bar    :   150  (倍数: 120)
  金猪奖     :   330  (加奖入口，无倍数)
  开奖总和: 10,000 ✓

【加奖奖项】（每10000把出现的次数，总和应为10000）
  双响炮     :  1050
  大四喜     :   950
  小三元     :   850
  大三元     :   750
  彩金      :   650
  开火车     :   550
  统统有奖    :   450
  大满贯     :   350
  仙女散花    :   350
  小猫变身    :  4050
  加奖总和: 10,000 ✓

【验证结果】✓ 配置有效
================================================================================


================================================================================
【难度3】配置详情
================================================================================

【基础配置】
  比倍难度: 30%
  吃分最大值: 2,800
  吃分最小值: 500
  吃分返奖率: 70%
  营业返奖率: 73%

【开奖奖项】（每10000把出现的次数，总和应为10000）
  三倍小奖    :  5090  (倍数:   3)
  苹果      :   900  (倍数:   5)
  橘子      :   700  (倍数:  10)
  柠檬      :   600  (倍数:  15)
  金钟      :   500  (倍数:  20)
  西瓜      :   500  (倍数:  20)
  双星      :   400  (倍数:  30)
  99      :   350  (倍数:  40)
  小bar    :   250  (倍数:  30)
  中bar    :   200  (倍数:  60)
  大bar    :   150  (倍数: 120)
  金猪奖     :   360  (加奖入口，无倍数)
  开奖总和: 10,000 ✓

【加奖奖项】（每10000把出现的次数，总和应为10000）
  双响炮     :  1000
  大四喜     :   900
  小三元     :   800
  大三元     :   700
  彩金      :   600
  开火车     :   500
  统统有奖    :   400
  大满贯     :   300
  仙女散花    :   300
  小猫变身    :  4500
  加奖总和: 10,000 ✓

【验证结果】✓ 配置有效
================================================================================


================================================================================
【难度4】配置详情
================================================================================

【基础配置】
  比倍难度: 35%
  吃分最大值: 3,200
  吃分最小值: 600
  吃分返奖率: 65%
  营业返奖率: 68%

【开奖奖项】（每10000把出现的次数，总和应为10000）
  三倍小奖    :  5060  (倍数:   3)
  苹果      :   900  (倍数:   5)
  橘子      :   700  (倍数:  10)
  柠檬      :   600  (倍数:  15)
  金钟      :   500  (倍数:  20)
  西瓜      :   500  (倍数:  20)
  双星      :   400  (倍数:  30)
  99      :   350  (倍数:  40)
  小bar    :   250  (倍数:  30)
  中bar    :   200  (倍数:  60)
  大bar    :   150  (倍数: 120)
  金猪奖     :   390  (加奖入口，无倍数)
  开奖总和: 10,000 ✓

【加奖奖项】（每10000把出现的次数，总和应为10000）
  双响炮     :   950
  大四喜     :   850
  小三元     :   750
  大三元     :   650
  彩金      :   550
  开火车     :   450
  统统有奖    :   350
  大满贯     :   250
  仙女散花    :   250
  小猫变身    :  4950
  加奖总和: 10,000 ✓

【验证结果】✓ 配置有效
================================================================================


================================================================================
【难度5】配置详情
================================================================================

【基础配置】
  比倍难度: 40%
  吃分最大值: 3,600
  吃分最小值: 700
  吃分返奖率: 60%
  营业返奖率: 63%

【开奖奖项】（每10000把出现的次数，总和应为10000）
  三倍小奖    :  5030  (倍数:   3)
  苹果      :   900  (倍数:   5)
  橘子      :   700  (倍数:  10)
  柠檬      :   600  (倍数:  15)
  金钟      :   500  (倍数:  20)
  西瓜      :   500  (倍数:  20)
  双星      :   400  (倍数:  30)
  99      :   350  (倍数:  40)
  小bar    :   250  (倍数:  30)
  中bar    :   200  (倍数:  60)
  大bar    :   150  (倍数: 120)
  金猪奖     :   420  (加奖入口，无倍数)
  开奖总和: 10,000 ✓

【加奖奖项】（每10000把出现的次数，总和应为10000）
  双响炮     :  1200
  大四喜     :  1100
  小三元     :  1000
  大三元     :   900
  彩金      :   800
  开火车     :   700
  统统有奖    :   600
  大满贯     :   300
  仙女散花    :   200
  小猫变身    :  3200
  加奖总和: 10,000 ✓

【验证结果】✓ 配置有效
================================================================================


================================================================================
【难度6】配置详情
================================================================================

【基础配置】
  比倍难度: 45%
  吃分最大值: 4,000
  吃分最小值: 800
  吃分返奖率: 55%
  营业返奖率: 58%

【开奖奖项】（每10000把出现的次数，总和应为10000）
  三倍小奖    :  5000  (倍数:   3)
  苹果      :   900  (倍数:   5)
  橘子      :   700  (倍数:  10)
  柠檬      :   600  (倍数:  15)
  金钟      :   500  (倍数:  20)
  西瓜      :   500  (倍数:  20)
  双星      :   400  (倍数:  30)
  99      :   350  (倍数:  40)
  小bar    :   250  (倍数:  30)
  中bar    :   200  (倍数:  60)
  大bar    :   150  (倍数: 120)
  金猪奖     :   450  (加奖入口，无倍数)
  开奖总和: 10,000 ✓

【加奖奖项】（每10000把出现的次数，总和应为10000）
  双响炮     :  1150
  大四喜     :  1050
  小三元     :   950
  大三元     :   850
  彩金      :   750
  开火车     :   650
  统统有奖    :   550
  大满贯     :   250
  仙女散花    :   150
  小猫变身    :  3650
  加奖总和: 10,000 ✓

【验证结果】✓ 配置有效
================================================================================


================================================================================
【难度7】配置详情
================================================================================

【基础配置】
  比倍难度: 50%
  吃分最大值: 4,400
  吃分最小值: 900
  吃分返奖率: 50%
  营业返奖率: 53%

【开奖奖项】（每10000把出现的次数，总和应为10000）
  三倍小奖    :  4900  (倍数:   3)
  苹果      :   900  (倍数:   5)
  橘子      :   700  (倍数:  10)
  柠檬      :   600  (倍数:  15)
  金钟      :   500  (倍数:  20)
  西瓜      :   500  (倍数:  20)
  双星      :   400  (倍数:  30)
  99      :   350  (倍数:  40)
  小bar    :   250  (倍数:  30)
  中bar    :   200  (倍数:  60)
  大bar    :   150  (倍数: 120)
  金猪奖     :   550  (加奖入口，无倍数)
  开奖总和: 10,000 ✓

【加奖奖项】（每10000把出现的次数，总和应为10000）
  双响炮     :  1100
  大四喜     :  1000
  小三元     :   900
  大三元     :   800
  彩金      :   700
  开火车     :   600
  统统有奖    :   500
  大满贯     :   200
  仙女散花    :   100
  小猫变身    :  4100
  加奖总和: 10,000 ✓

【验证结果】✓ 配置有效
================================================================================


================================================================================
【难度8】配置详情
================================================================================

【基础配置】
  比倍难度: 55%
  吃分最大值: 4,800
  吃分最小值: 1,000
  吃分返奖率: 45%
  营业返奖率: 48%

【开奖奖项】（每10000把出现的次数，总和应为10000）
  三倍小奖    :  4800  (倍数:   3)
  苹果      :   900  (倍数:   5)
  橘子      :   700  (倍数:  10)
  柠檬      :   600  (倍数:  15)
  金钟      :   500  (倍数:  20)
  西瓜      :   500  (倍数:  20)
  双星      :   400  (倍数:  30)
  99      :   350  (倍数:  40)
  小bar    :   250  (倍数:  30)
  中bar    :   200  (倍数:  60)
  大bar    :   150  (倍数: 120)
  金猪奖     :   650  (加奖入口，无倍数)
  开奖总和: 10,000 ✓

【加奖奖项】（每10000把出现的次数，总和应为10000）
  双响炮     :  1050
  大四喜     :   950
  小三元     :   850
  大三元     :   750
  彩金      :   650
  开火车     :   550
  统统有奖    :   450
  大满贯     :   150
  仙女散花    :    50
  小猫变身    :  4550
  加奖总和: 10,000 ✓

【验证结果】✓ 配置有效
================================================================================


================================================================================
【难度9】配置详情
================================================================================

【基础配置】
  比倍难度: 60%
  吃分最大值: 5,200
  吃分最小值: 1,100
  吃分返奖率: 40%
  营业返奖率: 43%

【开奖奖项】（每10000把出现的次数，总和应为10000）
  三倍小奖    :  4700  (倍数:   3)
  苹果      :   900  (倍数:   5)
  橘子      :   700  (倍数:  10)
  柠檬      :   600  (倍数:  15)
  金钟      :   500  (倍数:  20)
  西瓜      :   500  (倍数:  20)
  双星      :   400  (倍数:  30)
  99      :   350  (倍数:  40)
  小bar    :   250  (倍数:  30)
  中bar    :   200  (倍数:  60)
  大bar    :   150  (倍数: 120)
  金猪奖     :   750  (加奖入口，无倍数)
  开奖总和: 10,000 ✓

【加奖奖项】（每10000把出现的次数，总和应为10000）
  双响炮     :  1200
  大四喜     :  1100
  小三元     :  1000
  大三元     :   900
  彩金      :   800
  开火车     :   700
  统统有奖    :   600
  大满贯     :   300
  仙女散花    :   200
  小猫变身    :  3200
  加奖总和: 10,000 ✓

【验证结果】✓ 配置有效
================================================================================


================================================================================
配置接收完成
================================================================================
共接收 9 个难度配置
✓ 所有配置验证通过

