INFO:     Started server process [1530]
INFO:     Waiting for application startup.
INFO:     Application startup complete.
INFO:     Uvicorn running on http://0.0.0.0:9091 (Press CTRL+C to quit)
INFO:     127.0.0.1:54908 - "GET /api/defaults HTTP/1.1" 200 OK
INFO:     127.0.0.1:54924 - "WebSocket /ws/app" [accepted]
App connected: Address(host='127.0.0.1', port=54924)
INFO:     connection open
已向新连接的App发送配置数据
INFO:     192.168.0.4:54036 - "GET / HTTP/1.1" 200 OK
INFO:     192.168.0.4:54036 - "GET /api/defaults HTTP/1.1" 200 OK
INFO:     192.168.0.4:54036 - "GET / HTTP/1.1" 200 OK
INFO:     192.168.0.4:54036 - "GET /api/defaults HTTP/1.1" 200 OK
INFO:     192.168.0.4:54036 - "GET / HTTP/1.1" 200 OK
INFO:     192.168.0.4:54036 - "GET /api/defaults HTTP/1.1" 200 OK
INFO:     192.168.0.4:54036 - "GET / HTTP/1.1" 200 OK
INFO:     192.168.0.4:54036 - "GET /api/defaults HTTP/1.1" 200 OK
INFO:     192.168.0.4:54036 - "GET / HTTP/1.1" 200 OK
INFO:     192.168.0.4:54036 - "GET /api/defaults HTTP/1.1" 200 OK

============================================================
收到配置数据:
{
  "难度1": {
    "99": 350,
    "比倍难度": 20,
    "吃分最大值": 2000,
    "吃分最小值": 300,
    "吃分返奖率": 80,
    "营业返奖率": 83,
    "三倍小奖": 5150,
    "苹果": 900,
    "橘子": 700,
    "柠檬": 600,
    "金钟": 500,
    "西瓜": 500,
    "双星": 400,
    "小bar": 250,
    "中bar": 200,
    "大bar": 150,
    "金猪奖": 300,
    "双响炮": 1100,
    "大四喜": 1000,
    "小三元": 900,
    "大三元": 800,
    "彩金": 700,
    "开火车": 600,
    "统统有奖": 500,
    "大满贯": 400,
    "仙女散花": 400,
    "小猫变身": 3600
  },
  "难度2": {
    "99": 350,
    "比倍难度": 25,
    "吃分最大值": 2400,
    "吃分最小值": 400,
    "吃分返奖率": 75,
    "营业返奖率": 78,
    "三倍小奖": 5120,
    "苹果": 900,
    "橘子": 700,
    "柠檬": 600,
    "金钟": 500,
    "西瓜": 500,
    "双星": 400,
    "小bar": 250,
    "中bar": 200,
    "大bar": 150,
    "金猪奖": 330,
    "双响炮": 1050,
    "大四喜": 950,
    "小三元": 850,
    "大三元": 750,
    "彩金": 650,
    "开火车": 550,
    "统统有奖": 450,
    "大满贯": 350,
    "仙女散花": 350,
    "小猫变身": 4050
  },
  "难度3": {
    "99": 350,
    "比倍难度": 30,
    "吃分最大值": 2800,
    "吃分最小值": 500,
    "吃分返奖率": 70,
    "营业返奖率": 73,
    "三倍小奖": 5090,
    "苹果": 900,
    "橘子": 700,
    "柠檬": 600,
    "金钟": 500,
    "西瓜": 500,
    "双星": 400,
    "小bar": 250,
    "中bar": 200,
    "大bar": 150,
    "金猪奖": 360,
    "双响炮": 1000,
    "大四喜": 900,
    "小三元": 800,
    "大三元": 700,
    "彩金": 600,
    "开火车": 500,
    "统统有奖": 400,
    "大满贯": 300,
    "仙女散花": 300,
    "小猫变身": 4500
  },
  "难度4": {
    "99": 350,
    "比倍难度": 35,
    "吃分最大值": 3200,
    "吃分最小值": 600,
    "吃分返奖率": 65,
    "营业返奖率": 68,
    "三倍小奖": 5060,
    "苹果": 900,
    "橘子": 700,
    "柠檬": 600,
    "金钟": 500,
    "西瓜": 500,
    "双星": 400,
    "小bar": 250,
    "中bar": 200,
    "大bar": 150,
    "金猪奖": 390,
    "双响炮": 950,
    "大四喜": 850,
    "小三元": 750,
    "大三元": 650,
    "彩金": 550,
    "开火车": 450,
    "统统有奖": 350,
    "大满贯": 250,
    "仙女散花": 250,
    "小猫变身": 4950
  },
  "难度5": {
    "99": 350,
    "比倍难度": 40,
    "吃分最大值": 3600,
    "吃分最小值": 700,
    "吃分返奖率": 60,
    "营业返奖率": 63,
    "三倍小奖": 5030,
    "苹果": 900,
    "橘子": 700,
    "柠檬": 600,
    "金钟": 500,
    "西瓜": 500,
    "双星": 400,
    "小bar": 250,
    "中bar": 200,
    "大bar": 150,
    "金猪奖": 420,
    "双响炮": 1200,
    "大四喜": 1100,
    "小三元": 1000,
    "大三元": 900,
    "彩金": 800,
    "开火车": 700,
    "统统有奖": 600,
    "大满贯": 300,
    "仙女散花": 200,
    "小猫变身": 3200
  },
  "难度6": {
    "99": 350,
    "比倍难度": 45,
    "吃分最大值": 4000,
    "吃分最小值": 800,
    "吃分返奖率": 55,
    "营业返奖率": 58,
    "三倍小奖": 5000,
    "苹果": 900,
    "橘子": 700,
    "柠檬": 600,
    "金钟": 500,
    "西瓜": 500,
    "双星": 400,
    "小bar": 250,
    "中bar": 200,
    "大bar": 150,
    "金猪奖": 450,
    "双响炮": 1150,
    "大四喜": 1050,
    "小三元": 950,
    "大三元": 850,
    "彩金": 750,
    "开火车": 650,
    "统统有奖": 550,
    "大满贯": 250,
    "仙女散花": 150,
    "小猫变身": 3650
  },
  "难度7": {
    "99": 350,
    "比倍难度": 50,
    "吃分最大值": 4400,
    "吃分最小值": 900,
    "吃分返奖率": 50,
    "营业返奖率": 53,
    "三倍小奖": 4900,
    "苹果": 900,
    "橘子": 700,
    "柠檬": 600,
    "金钟": 500,
    "西瓜": 500,
    "双星": 400,
    "小bar": 250,
    "中bar": 200,
    "大bar": 150,
    "金猪奖": 550,
    "双响炮": 1100,
    "大四喜": 1000,
    "小三元": 900,
    "大三元": 800,
    "彩金": 700,
    "开火车": 600,
    "统统有奖": 500,
    "大满贯": 200,
    "仙女散花": 100,
    "小猫变身": 4100
  },
  "难度8": {
    "99": 350,
    "比倍难度": 55,
    "吃分最大值": 4800,
    "吃分最小值": 1000,
    "吃分返奖率": 45,
    "营业返奖率": 48,
    "三倍小奖": 4800,
    "苹果": 900,
    "橘子": 700,
    "柠檬": 600,
    "金钟": 500,
    "西瓜": 500,
    "双星": 400,
    "小bar": 250,
    "中bar": 200,
    "大bar": 150,
    "金猪奖": 650,
    "双响炮": 1050,
    "大四喜": 950,
    "小三元": 850,
    "大三元": 750,
    "彩金": 650,
    "开火车": 550,
    "统统有奖": 450,
    "大满贯": 150,
    "仙女散花": 50,
    "小猫变身": 4550
  },
  "难度9": {
    "99": 350,
    "比倍难度": 60,
    "吃分最大值": 5200,
    "吃分最小值": 1100,
    "吃分返奖率": 40,
    "营业返奖率": 43,
    "三倍小奖": 4700,
    "苹果": 900,
    "橘子": 700,
    "柠檬": 600,
    "金钟": 500,
    "西瓜": 500,
    "双星": 400,
    "小bar": 250,
    "中bar": 200,
    "大bar": 150,
    "金猪奖": 750,
    "双响炮": 1200,
    "大四喜": 1100,
    "小三元": 1000,
    "大三元": 900,
    "彩金": 800,
    "开火车": 700,
    "统统有奖": 600,
    "大满贯": 300,
    "仙女散花": 200,
    "小猫变身": 3200
  }
}
============================================================

已更新 9 个难度配置
准备发送给 1 个连接的App...
INFO:     192.168.0.4:54036 - "POST /send HTTP/1.1" 200 OK

============================================================
收到配置数据:
{
  "难度1": {
    "99": 350,
    "比倍难度": 20,
    "吃分最大值": 2000,
    "吃分最小值": 300,
    "吃分返奖率": 80,
    "营业返奖率": 83,
    "三倍小奖": 5150,
    "苹果": 900,
    "橘子": 700,
    "柠檬": 600,
    "金钟": 500,
    "西瓜": 500,
    "双星": 400,
    "小bar": 250,
    "中bar": 200,
    "大bar": 150,
    "金猪奖": 300,
    "双响炮": 1100,
    "大四喜": 1000,
    "小三元": 900,
    "大三元": 800,
    "彩金": 700,
    "开火车": 600,
    "统统有奖": 500,
    "大满贯": 400,
    "仙女散花": 400,
    "小猫变身": 3600
  },
  "难度2": {
    "99": 350,
    "比倍难度": 25,
    "吃分最大值": 2400,
    "吃分最小值": 400,
    "吃分返奖率": 75,
    "营业返奖率": 78,
    "三倍小奖": 5120,
    "苹果": 900,
    "橘子": 700,
    "柠檬": 600,
    "金钟": 500,
    "西瓜": 500,
    "双星": 400,
    "小bar": 250,
    "中bar": 200,
    "大bar": 150,
    "金猪奖": 330,
    "双响炮": 1050,
    "大四喜": 950,
    "小三元": 850,
    "大三元": 750,
    "彩金": 650,
    "开火车": 550,
    "统统有奖": 450,
    "大满贯": 350,
    "仙女散花": 350,
    "小猫变身": 4050
  },
  "难度3": {
    "99": 350,
    "比倍难度": 30,
    "吃分最大值": 2800,
    "吃分最小值": 500,
    "吃分返奖率": 70,
    "营业返奖率": 73,
    "三倍小奖": 5090,
    "苹果": 900,
    "橘子": 700,
    "柠檬": 600,
    "金钟": 500,
    "西瓜": 500,
    "双星": 400,
    "小bar": 250,
    "中bar": 200,
    "大bar": 150,
    "金猪奖": 360,
    "双响炮": 1000,
    "大四喜": 900,
    "小三元": 800,
    "大三元": 700,
    "彩金": 600,
    "开火车": 500,
    "统统有奖": 400,
    "大满贯": 300,
    "仙女散花": 300,
    "小猫变身": 4500
  },
  "难度4": {
    "99": 350,
    "比倍难度": 35,
    "吃分最大值": 3200,
    "吃分最小值": 600,
    "吃分返奖率": 65,
    "营业返奖率": 68,
    "三倍小奖": 5060,
    "苹果": 900,
    "橘子": 700,
    "柠檬": 600,
    "金钟": 500,
    "西瓜": 500,
    "双星": 400,
    "小bar": 250,
    "中bar": 200,
    "大bar": 150,
    "金猪奖": 390,
    "双响炮": 950,
    "大四喜": 850,
    "小三元": 750,
    "大三元": 650,
    "彩金": 550,
    "开火车": 450,
    "统统有奖": 350,
    "大满贯": 250,
    "仙女散花": 250,
    "小猫变身": 4950
  },
  "难度5": {
    "99": 350,
    "比倍难度": 40,
    "吃分最大值": 3600,
    "吃分最小值": 700,
    "吃分返奖率": 60,
    "营业返奖率": 63,
    "三倍小奖": 5030,
    "苹果": 900,
    "橘子": 700,
    "柠檬": 600,
    "金钟": 500,
    "西瓜": 500,
    "双星": 400,
    "小bar": 250,
    "中bar": 200,
    "大bar": 150,
    "金猪奖": 420,
    "双响炮": 1200,
    "大四喜": 1100,
    "小三元": 1000,
    "大三元": 900,
    "彩金": 800,
    "开火车": 700,
    "统统有奖": 600,
    "大满贯": 300,
    "仙女散花": 200,
    "小猫变身": 3200
  },
  "难度6": {
    "99": 350,
    "比倍难度": 45,
    "吃分最大值": 4000,
    "吃分最小值": 800,
    "吃分返奖率": 55,
    "营业返奖率": 58,
    "三倍小奖": 5000,
    "苹果": 900,
    "橘子": 700,
    "柠檬": 600,
    "金钟": 500,
    "西瓜": 500,
    "双星": 400,
    "小bar": 250,
    "中bar": 200,
    "大bar": 150,
    "金猪奖": 450,
    "双响炮": 1150,
    "大四喜": 1050,
    "小三元": 950,
    "大三元": 850,
    "彩金": 750,
    "开火车": 650,
    "统统有奖": 550,
    "大满贯": 250,
    "仙女散花": 150,
    "小猫变身": 3650
  },
  "难度7": {
    "99": 350,
    "比倍难度": 50,
    "吃分最大值": 4400,
    "吃分最小值": 900,
    "吃分返奖率": 50,
    "营业返奖率": 53,
    "三倍小奖": 4900,
    "苹果": 900,
    "橘子": 700,
    "柠檬": 600,
    "金钟": 500,
    "西瓜": 500,
    "双星": 400,
    "小bar": 250,
    "中bar": 200,
    "大bar": 150,
    "金猪奖": 550,
    "双响炮": 1100,
    "大四喜": 1000,
    "小三元": 900,
    "大三元": 800,
    "彩金": 700,
    "开火车": 600,
    "统统有奖": 500,
    "大满贯": 200,
    "仙女散花": 100,
    "小猫变身": 4100
  },
  "难度8": {
    "99": 350,
    "比倍难度": 55,
    "吃分最大值": 4800,
    "吃分最小值": 1000,
    "吃分返奖率": 45,
    "营业返奖率": 48,
    "三倍小奖": 4800,
    "苹果": 900,
    "橘子": 700,
    "柠檬": 600,
    "金钟": 500,
    "西瓜": 500,
    "双星": 400,
    "小bar": 250,
    "中bar": 200,
    "大bar": 150,
    "金猪奖": 650,
    "双响炮": 1050,
    "大四喜": 950,
    "小三元": 850,
    "大三元": 750,
    "彩金": 650,
    "开火车": 550,
    "统统有奖": 450,
    "大满贯": 150,
    "仙女散花": 50,
    "小猫变身": 4550
  },
  "难度9": {
    "99": 350,
    "比倍难度": 60,
    "吃分最大值": 5200,
    "吃分最小值": 1100,
    "吃分返奖率": 40,
    "营业返奖率": 43,
    "三倍小奖": 4700,
    "苹果": 900,
    "橘子": 700,
    "柠檬": 600,
    "金钟": 500,
    "西瓜": 500,
    "双星": 400,
    "小bar": 250,
    "中bar": 200,
    "大bar": 150,
    "金猪奖": 750,
    "双响炮": 1200,
    "大四喜": 1100,
    "小三元": 1000,
    "大三元": 900,
    "彩金": 800,
    "开火车": 700,
    "统统有奖": 600,
    "大满贯": 300,
    "仙女散花": 200,
    "小猫变身": 3200
  }
}
============================================================

已更新 9 个难度配置
准备发送给 1 个连接的App...
INFO:     192.168.0.4:56928 - "POST /send HTTP/1.1" 200 OK
INFO:     222.240.1.34:9078 - "WebSocket /ws/app" [accepted]
App connected: Address(host='222.240.1.34', port=9078)
INFO:     connection open
已向新连接的App发送配置数据

============================================================
收到配置数据:
{
  "难度1": {
    "99": 350,
    "比倍难度": 20,
    "吃分最大值": 2000,
    "吃分最小值": 300,
    "吃分返奖率": 80,
    "营业返奖率": 83,
    "三倍小奖": 5150,
    "苹果": 900,
    "橘子": 700,
    "柠檬": 600,
    "金钟": 500,
    "西瓜": 500,
    "双星": 400,
    "小bar": 250,
    "中bar": 200,
    "大bar": 150,
    "金猪奖": 300,
    "双响炮": 1100,
    "大四喜": 1000,
    "小三元": 900,
    "大三元": 800,
    "彩金": 700,
    "开火车": 600,
    "统统有奖": 500,
    "大满贯": 400,
    "仙女散花": 400,
    "小猫变身": 3600
  },
  "难度2": {
    "99": 350,
    "比倍难度": 25,
    "吃分最大值": 2400,
    "吃分最小值": 400,
    "吃分返奖率": 75,
    "营业返奖率": 78,
    "三倍小奖": 5120,
    "苹果": 900,
    "橘子": 700,
    "柠檬": 600,
    "金钟": 500,
    "西瓜": 500,
    "双星": 400,
    "小bar": 250,
    "中bar": 200,
    "大bar": 150,
    "金猪奖": 330,
    "双响炮": 1050,
    "大四喜": 950,
    "小三元": 850,
    "大三元": 750,
    "彩金": 650,
    "开火车": 550,
    "统统有奖": 450,
    "大满贯": 350,
    "仙女散花": 350,
    "小猫变身": 4050
  },
  "难度3": {
    "99": 350,
    "比倍难度": 30,
    "吃分最大值": 2800,
    "吃分最小值": 500,
    "吃分返奖率": 70,
    "营业返奖率": 73,
    "三倍小奖": 5090,
    "苹果": 900,
    "橘子": 700,
    "柠檬": 600,
    "金钟": 500,
    "西瓜": 500,
    "双星": 400,
    "小bar": 250,
    "中bar": 200,
    "大bar": 150,
    "金猪奖": 360,
    "双响炮": 1000,
    "大四喜": 900,
    "小三元": 800,
    "大三元": 700,
    "彩金": 600,
    "开火车": 500,
    "统统有奖": 400,
    "大满贯": 300,
    "仙女散花": 300,
    "小猫变身": 4500
  },
  "难度4": {
    "99": 350,
    "比倍难度": 35,
    "吃分最大值": 3200,
    "吃分最小值": 600,
    "吃分返奖率": 65,
    "营业返奖率": 68,
    "三倍小奖": 5060,
    "苹果": 900,
    "橘子": 700,
    "柠檬": 600,
    "金钟": 500,
    "西瓜": 500,
    "双星": 400,
    "小bar": 250,
    "中bar": 200,
    "大bar": 150,
    "金猪奖": 390,
    "双响炮": 950,
    "大四喜": 850,
    "小三元": 750,
    "大三元": 650,
    "彩金": 550,
    "开火车": 450,
    "统统有奖": 350,
    "大满贯": 250,
    "仙女散花": 250,
    "小猫变身": 4950
  },
  "难度5": {
    "99": 350,
    "比倍难度": 40,
    "吃分最大值": 3600,
    "吃分最小值": 700,
    "吃分返奖率": 60,
    "营业返奖率": 63,
    "三倍小奖": 5030,
    "苹果": 900,
    "橘子": 700,
    "柠檬": 600,
    "金钟": 500,
    "西瓜": 500,
    "双星": 400,
    "小bar": 250,
    "中bar": 200,
    "大bar": 150,
    "金猪奖": 420,
    "双响炮": 1200,
    "大四喜": 1100,
    "小三元": 1000,
    "大三元": 900,
    "彩金": 800,
    "开火车": 700,
    "统统有奖": 600,
    "大满贯": 300,
    "仙女散花": 200,
    "小猫变身": 3200
  },
  "难度6": {
    "99": 350,
    "比倍难度": 45,
    "吃分最大值": 4000,
    "吃分最小值": 800,
    "吃分返奖率": 55,
    "营业返奖率": 58,
    "三倍小奖": 5000,
    "苹果": 900,
    "橘子": 700,
    "柠檬": 600,
    "金钟": 500,
    "西瓜": 500,
    "双星": 400,
    "小bar": 250,
    "中bar": 200,
    "大bar": 150,
    "金猪奖": 450,
    "双响炮": 1150,
    "大四喜": 1050,
    "小三元": 950,
    "大三元": 850,
    "彩金": 750,
    "开火车": 650,
    "统统有奖": 550,
    "大满贯": 250,
    "仙女散花": 150,
    "小猫变身": 3650
  },
  "难度7": {
    "99": 350,
    "比倍难度": 50,
    "吃分最大值": 4400,
    "吃分最小值": 900,
    "吃分返奖率": 50,
    "营业返奖率": 53,
    "三倍小奖": 4900,
    "苹果": 900,
    "橘子": 700,
    "柠檬": 600,
    "金钟": 500,
    "西瓜": 500,
    "双星": 400,
    "小bar": 250,
    "中bar": 200,
    "大bar": 150,
    "金猪奖": 550,
    "双响炮": 1100,
    "大四喜": 1000,
    "小三元": 900,
    "大三元": 800,
    "彩金": 700,
    "开火车": 600,
    "统统有奖": 500,
    "大满贯": 200,
    "仙女散花": 100,
    "小猫变身": 4100
  },
  "难度8": {
    "99": 350,
    "比倍难度": 55,
    "吃分最大值": 4800,
    "吃分最小值": 1000,
    "吃分返奖率": 45,
    "营业返奖率": 48,
    "三倍小奖": 4800,
    "苹果": 900,
    "橘子": 700,
    "柠檬": 600,
    "金钟": 500,
    "西瓜": 500,
    "双星": 400,
    "小bar": 250,
    "中bar": 200,
    "大bar": 150,
    "金猪奖": 650,
    "双响炮": 1050,
    "大四喜": 950,
    "小三元": 850,
    "大三元": 750,
    "彩金": 650,
    "开火车": 550,
    "统统有奖": 450,
    "大满贯": 150,
    "仙女散花": 50,
    "小猫变身": 4550
  },
  "难度9": {
    "99": 350,
    "比倍难度": 60,
    "吃分最大值": 5200,
    "吃分最小值": 1100,
    "吃分返奖率": 40,
    "营业返奖率": 43,
    "三倍小奖": 4700,
    "苹果": 900,
    "橘子": 700,
    "柠檬": 600,
    "金钟": 500,
    "西瓜": 500,
    "双星": 400,
    "小bar": 250,
    "中bar": 200,
    "大bar": 150,
    "金猪奖": 750,
    "双响炮": 1200,
    "大四喜": 1100,
    "小三元": 1000,
    "大三元": 900,
    "彩金": 800,
    "开火车": 700,
    "统统有奖": 600,
    "大满贯": 300,
    "仙女散花": 200,
    "小猫变身": 3200
  }
}
============================================================

已更新 9 个难度配置
准备发送给 2 个连接的App...
INFO:     192.168.0.4:53554 - "POST /send HTTP/1.1" 200 OK
App disconnected: Address(host='222.240.1.34', port=9078)
INFO:     connection closed
INFO:     222.240.1.34:10063 - "WebSocket /ws/app" [accepted]
App connected: Address(host='222.240.1.34', port=10063)
INFO:     connection open
已向新连接的App发送配置数据
